<?xml version="1.0" encoding="UTF-8"?>
<testsuite name="prj.ignore.ignoregen.util.LoggerTest" tests="1" skipped="0" failures="0" errors="0" timestamp="2021-11-07T20:37:25" hostname="fedora" time="0.031">
  <properties/>
  <testcase name="logTest()" classname="prj.ignore.ignoregen.util.LoggerTest" time="0.031"/>
  <system-out><![CDATA[]]></system-out>
  <system-err><![CDATA[]]></system-err>
</testsuite>
